<?xml version="1.0" encoding="UTF-8"?>
<testsuite name="MockitoTest" tests="1" skipped="0" failures="0" errors="0" timestamp="2023-03-09T15:23:57" hostname="gimhojun-ui-MacBookPro.local" time="0.196">
  <properties/>
  <testcase name="같은 메서드 호출이 다른 결과를 반환하게 Stubbing 하기" classname="MockitoTest" time="0.196"/>
  <system-out><![CDATA[30
30
30
]]></system-out>
  <system-err><![CDATA[]]></system-err>
</testsuite>
